app/build/intermediates/manifest_merge_blame_file/debug/processDebugMainManifest/manifest-merger-blame-debug-report.txt
1<?xml version="1.0" encoding="utf-8"?>
2<manifest xmlns:android="http://schemas.android.com/apk/res/android"
3    package="com.openpaw.app"
4    android:versionCode="1"
5    android:versionName="1.0.0" >
6
7    <uses-sdk
8        android:minSdkVersion="29"
9        android:targetSdkVersion="36" />
10
11    <!-- ── Network ────────────────────────────────────────────────────────── -->
12    <uses-permission android:name="android.permission.INTERNET" />
12-->src\main\AndroidManifest.xml:6:5-67
12-->src\main\AndroidManifest.xml:6:22-64
13
14    <!-- ── SMS ────────────────────────────────────────────────────────────── -->
15    <uses-permission android:name="android.permission.READ_SMS" />
15-->src\main\AndroidManifest.xml:9:5-67
15-->src\main\AndroidManifest.xml:9:22-64
16    <uses-permission android:name="android.permission.SEND_SMS" />
16-->src\main\AndroidManifest.xml:10:5-67
16-->src\main\AndroidManifest.xml:10:22-64
17    <uses-permission android:name="android.permission.RECEIVE_SMS" />
17-->src\main\AndroidManifest.xml:11:5-70
17-->src\main\AndroidManifest.xml:11:22-67
18
19    <!-- ── Contacts / Calendar / Alarm ──────────────────────────────────── -->
20    <uses-permission android:name="android.permission.READ_CONTACTS" />
20-->src\main\AndroidManifest.xml:14:5-72
20-->src\main\AndroidManifest.xml:14:22-69
21    <uses-permission android:name="android.permission.READ_CALENDAR" />
21-->src\main\AndroidManifest.xml:15:5-72
21-->src\main\AndroidManifest.xml:15:22-69
22    <uses-permission android:name="android.permission.WRITE_CALENDAR" />
22-->src\main\AndroidManifest.xml:16:5-73
22-->src\main\AndroidManifest.xml:16:22-70
23    <uses-permission android:name="android.permission.SET_ALARM" />
23-->src\main\AndroidManifest.xml:17:5-68
23-->src\main\AndroidManifest.xml:17:22-65
24    <uses-permission android:name="android.permission.VIBRATE" />
24-->src\main\AndroidManifest.xml:18:5-66
24-->src\main\AndroidManifest.xml:18:22-63
25
26    <!-- ── Voice Input (Mic) ─────────────────────────────────────────────── -->
27    <uses-permission android:name="android.permission.RECORD_AUDIO" />
27-->src\main\AndroidManifest.xml:21:5-71
27-->src\main\AndroidManifest.xml:21:22-68
28
29    <!-- ── Floating Bubble overlay (user grants: "Draw over other apps") ─── -->
30    <uses-permission android:name="android.permission.SYSTEM_ALERT_WINDOW" />
30-->src\main\AndroidManifest.xml:24:5-78
30-->src\main\AndroidManifest.xml:24:22-75
31
32    <!-- ── Services / notifications ──────────────────────────────────────── -->
33    <uses-permission android:name="android.permission.FOREGROUND_SERVICE" />
33-->src\main\AndroidManifest.xml:27:5-77
33-->src\main\AndroidManifest.xml:27:22-74
34    <uses-permission android:name="android.permission.FOREGROUND_SERVICE_DATA_SYNC" />
34-->src\main\AndroidManifest.xml:28:5-87
34-->src\main\AndroidManifest.xml:28:22-84
35    <uses-permission android:name="android.permission.POST_NOTIFICATIONS" />
35-->src\main\AndroidManifest.xml:29:5-77
35-->src\main\AndroidManifest.xml:29:22-74
36    <uses-permission android:name="android.permission.BIND_ACCESSIBILITY_SERVICE" />
36-->src\main\AndroidManifest.xml:30:5-31:47
36-->src\main\AndroidManifest.xml:30:22-82
37
38    <permission
38-->[androidx.core:core:1.13.1] AndroidManifest.xml:22:5-24:47
39        android:name="com.openpaw.app.DYNAMIC_RECEIVER_NOT_EXPORTED_PERMISSION"
39-->[androidx.core:core:1.13.1] AndroidManifest.xml:23:9-81
40        android:protectionLevel="signature" />
40-->[androidx.core:core:1.13.1] AndroidManifest.xml:24:9-44
41
42    <uses-permission android:name="com.openpaw.app.DYNAMIC_RECEIVER_NOT_EXPORTED_PERMISSION" />
42-->[androidx.core:core:1.13.1] AndroidManifest.xml:26:5-97
42-->[androidx.core:core:1.13.1] AndroidManifest.xml:26:22-94
43
44    <application
44-->src\main\AndroidManifest.xml:33:5-94:19
45        android:name="com.openpaw.app.OpenPawApplication"
45-->src\main\AndroidManifest.xml:34:9-43
46        android:allowBackup="true"
46-->src\main\AndroidManifest.xml:35:9-35
47        android:appComponentFactory="androidx.core.app.CoreComponentFactory"
47-->[androidx.core:core:1.13.1] AndroidManifest.xml:28:18-86
48        android:debuggable="true"
49        android:extractNativeLibs="false"
50        android:icon="@mipmap/ic_launcher"
50-->src\main\AndroidManifest.xml:36:9-43
51        android:label="@string/app_name"
51-->src\main\AndroidManifest.xml:37:9-41
52        android:roundIcon="@mipmap/ic_launcher_round"
52-->src\main\AndroidManifest.xml:38:9-54
53        android:supportsRtl="true"
53-->src\main\AndroidManifest.xml:39:9-35
54        android:theme="@style/Theme.OpenPaw"
54-->src\main\AndroidManifest.xml:40:9-45
55        android:usesCleartextTraffic="false" >
55-->src\main\AndroidManifest.xml:41:9-45
56
57        <!-- ── Main activity ─────────────────────────────────────────────── -->
58        <activity
58-->src\main\AndroidManifest.xml:44:9-54:20
59            android:name="com.openpaw.app.MainActivity"
59-->src\main\AndroidManifest.xml:45:13-41
60            android:exported="true"
60-->src\main\AndroidManifest.xml:46:13-36
61            android:launchMode="singleTop"
61-->src\main\AndroidManifest.xml:47:13-43
62            android:theme="@style/Theme.OpenPaw"
62-->src\main\AndroidManifest.xml:49:13-49
63            android:windowSoftInputMode="adjustResize" >
63-->src\main\AndroidManifest.xml:48:13-55
64            <intent-filter>
64-->src\main\AndroidManifest.xml:50:13-53:29
65                <action android:name="android.intent.action.MAIN" />
65-->src\main\AndroidManifest.xml:51:17-69
65-->src\main\AndroidManifest.xml:51:25-66
66
67                <category android:name="android.intent.category.LAUNCHER" />
67-->src\main\AndroidManifest.xml:52:17-77
67-->src\main\AndroidManifest.xml:52:27-74
68            </intent-filter>
69        </activity>
70
71        <!-- ── Background agent (keeps process alive) ────────────────────── -->
72        <service
72-->src\main\AndroidManifest.xml:57:9-60:56
73            android:name="com.openpaw.app.service.AgentForegroundService"
73-->src\main\AndroidManifest.xml:58:13-59
74            android:exported="false"
74-->src\main\AndroidManifest.xml:59:13-37
75            android:foregroundServiceType="dataSync" />
75-->src\main\AndroidManifest.xml:60:13-53
76
77        <!-- ── Floating Bubble overlay ────────────────────────────────────── -->
78        <service
78-->src\main\AndroidManifest.xml:63:9-66:56
79            android:name="com.openpaw.app.service.FloatingBubbleService"
79-->src\main\AndroidManifest.xml:64:13-58
80            android:exported="false"
80-->src\main\AndroidManifest.xml:65:13-37
81            android:foregroundServiceType="dataSync" />
81-->src\main\AndroidManifest.xml:66:13-53
82
83        <!-- ── Quick Settings Tile ────────────────────────────────────────── -->
84        <service
84-->src\main\AndroidManifest.xml:69:9-78:19
85            android:name="com.openpaw.app.presentation.tile.OpenPawQsTile"
85-->src\main\AndroidManifest.xml:70:13-60
86            android:exported="true"
86-->src\main\AndroidManifest.xml:71:13-36
87            android:icon="@mipmap/ic_launcher"
87-->src\main\AndroidManifest.xml:72:13-47
88            android:label="OpenPaw"
88-->src\main\AndroidManifest.xml:73:13-36
89            android:permission="android.permission.BIND_QUICK_SETTINGS_TILE" >
89-->src\main\AndroidManifest.xml:74:13-77
90            <intent-filter>
90-->src\main\AndroidManifest.xml:75:13-77:29
91                <action android:name="android.service.quicksettings.action.QS_TILE" />
91-->src\main\AndroidManifest.xml:76:17-87
91-->src\main\AndroidManifest.xml:76:25-84
92            </intent-filter>
93        </service>
94
95        <!-- ── Accessibility service ─────────────────────────────────────── -->
96        <service
96-->src\main\AndroidManifest.xml:81:9-92:19
97            android:name="com.openpaw.app.service.OpenPawAccessibilityService"
97-->src\main\AndroidManifest.xml:82:13-64
98            android:exported="true"
98-->src\main\AndroidManifest.xml:83:13-36
99            android:label="@string/accessibility_service_label"
99-->src\main\AndroidManifest.xml:84:13-64
100            android:permission="android.permission.BIND_ACCESSIBILITY_SERVICE" >
100-->src\main\AndroidManifest.xml:85:13-79
101            <intent-filter>
101-->src\main\AndroidManifest.xml:86:13-88:29
102                <action android:name="android.accessibilityservice.AccessibilityService" />
102-->src\main\AndroidManifest.xml:87:17-92
102-->src\main\AndroidManifest.xml:87:25-89
103            </intent-filter>
104
105            <meta-data
105-->src\main\AndroidManifest.xml:89:13-91:72
106                android:name="android.accessibilityservice"
106-->src\main\AndroidManifest.xml:90:17-60
107                android:resource="@xml/accessibility_service_config" />
107-->src\main\AndroidManifest.xml:91:17-69
108        </service>
109
110        <provider
110-->[androidx.emoji2:emoji2:1.3.0] AndroidManifest.xml:24:9-32:20
111            android:name="androidx.startup.InitializationProvider"
111-->[androidx.emoji2:emoji2:1.3.0] AndroidManifest.xml:25:13-67
112            android:authorities="com.openpaw.app.androidx-startup"
112-->[androidx.emoji2:emoji2:1.3.0] AndroidManifest.xml:26:13-68
113            android:exported="false" >
113-->[androidx.emoji2:emoji2:1.3.0] AndroidManifest.xml:27:13-37
114            <meta-data
114-->[androidx.emoji2:emoji2:1.3.0] AndroidManifest.xml:29:13-31:52
115                android:name="androidx.emoji2.text.EmojiCompatInitializer"
115-->[androidx.emoji2:emoji2:1.3.0] AndroidManifest.xml:30:17-75
116                android:value="androidx.startup" />
116-->[androidx.emoji2:emoji2:1.3.0] AndroidManifest.xml:31:17-49
117            <meta-data
117-->[androidx.lifecycle:lifecycle-process:2.8.7] AndroidManifest.xml:29:13-31:52
118                android:name="androidx.lifecycle.ProcessLifecycleInitializer"
118-->[androidx.lifecycle:lifecycle-process:2.8.7] AndroidManifest.xml:30:17-78
119                android:value="androidx.startup" />
119-->[androidx.lifecycle:lifecycle-process:2.8.7] AndroidManifest.xml:31:17-49
120            <meta-data
120-->[androidx.profileinstaller:profileinstaller:1.3.1] AndroidManifest.xml:29:13-31:52
121                android:name="androidx.profileinstaller.ProfileInstallerInitializer"
121-->[androidx.profileinstaller:profileinstaller:1.3.1] AndroidManifest.xml:30:17-85
122                android:value="androidx.startup" />
122-->[androidx.profileinstaller:profileinstaller:1.3.1] AndroidManifest.xml:31:17-49
123        </provider>
124
125        <activity
125-->[androidx.compose.ui:ui-tooling-android:1.7.5] AndroidManifest.xml:23:9-25:39
126            android:name="androidx.compose.ui.tooling.PreviewActivity"
126-->[androidx.compose.ui:ui-tooling-android:1.7.5] AndroidManifest.xml:24:13-71
127            android:exported="true" />
127-->[androidx.compose.ui:ui-tooling-android:1.7.5] AndroidManifest.xml:25:13-36
128
129        <service
129-->[androidx.room:room-runtime:2.6.1] AndroidManifest.xml:24:9-28:63
130            android:name="androidx.room.MultiInstanceInvalidationService"
130-->[androidx.room:room-runtime:2.6.1] AndroidManifest.xml:25:13-74
131            android:directBootAware="true"
131-->[androidx.room:room-runtime:2.6.1] AndroidManifest.xml:26:13-43
132            android:exported="false" />
132-->[androidx.room:room-runtime:2.6.1] AndroidManifest.xml:27:13-37
133
134        <receiver
134-->[androidx.profileinstaller:profileinstaller:1.3.1] AndroidManifest.xml:34:9-52:20
135            android:name="androidx.profileinstaller.ProfileInstallReceiver"
135-->[androidx.profileinstaller:profileinstaller:1.3.1] AndroidManifest.xml:35:13-76
136            android:directBootAware="false"
136-->[androidx.profileinstaller:profileinstaller:1.3.1] AndroidManifest.xml:36:13-44
137            android:enabled="true"
137-->[androidx.profileinstaller:profileinstaller:1.3.1] AndroidManifest.xml:37:13-35
138            android:exported="true"
138-->[androidx.profileinstaller:profileinstaller:1.3.1] AndroidManifest.xml:38:13-36
139            android:permission="android.permission.DUMP" >
139-->[androidx.profileinstaller:profileinstaller:1.3.1] AndroidManifest.xml:39:13-57
140            <intent-filter>
140-->[androidx.profileinstaller:profileinstaller:1.3.1] AndroidManifest.xml:40:13-42:29
141                <action android:name="androidx.profileinstaller.action.INSTALL_PROFILE" />
141-->[androidx.profileinstaller:profileinstaller:1.3.1] AndroidManifest.xml:41:17-91
141-->[androidx.profileinstaller:profileinstaller:1.3.1] AndroidManifest.xml:41:25-88
142            </intent-filter>
143            <intent-filter>
143-->[androidx.profileinstaller:profileinstaller:1.3.1] AndroidManifest.xml:43:13-45:29
144                <action android:name="androidx.profileinstaller.action.SKIP_FILE" />
144-->[androidx.profileinstaller:profileinstaller:1.3.1] AndroidManifest.xml:44:17-85
144-->[androidx.profileinstaller:profileinstaller:1.3.1] AndroidManifest.xml:44:25-82
145            </intent-filter>
146            <intent-filter>
146-->[androidx.profileinstaller:profileinstaller:1.3.1] AndroidManifest.xml:46:13-48:29
147                <action android:name="androidx.profileinstaller.action.SAVE_PROFILE" />
147-->[androidx.profileinstaller:profileinstaller:1.3.1] AndroidManifest.xml:47:17-88
147-->[androidx.profileinstaller:profileinstaller:1.3.1] AndroidManifest.xml:47:25-85
148            </intent-filter>
149            <intent-filter>
149-->[androidx.profileinstaller:profileinstaller:1.3.1] AndroidManifest.xml:49:13-51:29
150                <action android:name="androidx.profileinstaller.action.BENCHMARK_OPERATION" />
150-->[androidx.profileinstaller:profileinstaller:1.3.1] AndroidManifest.xml:50:17-95
150-->[androidx.profileinstaller:profileinstaller:1.3.1] AndroidManifest.xml:50:25-92
151            </intent-filter>
152        </receiver>
153    </application>
154
155</manifest>